<!DOCTYPE html PUBLIC "-//W3C//DTD XHTML 1.1//EN" "https://www.w3.org/TR/xhtml11/DTD/xhtml11.dtd">
<html xmlns="https://www.w3.org/1999/xhtml">
<head>
<meta http-equiv="content-type" content="text/html; charset=UTF-8"/>
<title>TestNG Report</title>
<style type="text/css">table {margin-bottom:10px;border-collapse:collapse;empty-cells:show}th,td {border:1px solid #009;padding:.25em .5em}th {vertical-align:bottom}td {vertical-align:top}table a {font-weight:bold}.stripe td {background-color: #E6EBF9}.num {text-align:right}.passedodd td {background-color: #3F3}.passedeven td {background-color: #0A0}.skippedodd td {background-color: #DDD}.skippedeven td {background-color: #CCC}.failedodd td,.attn {background-color: #F33}.failedeven td,.stripe .attn {background-color: #D00}.stacktrace {white-space:pre;font-family:monospace}.totop {font-size:85%;text-align:center;border-bottom:2px solid #000}.invisible {display:none}</style>
</head>
<body>
<table>
<tr><th>Test</th><th># Passed</th><th># Skipped</th><th># Retried</th><th># Failed</th><th>Time (ms)</th><th>Included Groups</th><th>Excluded Groups</th></tr>
<tr><th colspan="8">JEFS</th></tr>
<tr><td><a href="#t0">C:\Users\balard\OneDrive - Capgemini\Desktop\New folder\SeleniumPractice\Judicary_Regression\src\test\java\Tests</a></td><td class="num">0</td><td class="num">0</td><td class="num">0</td><td class="num attn">4</td><td class="num">370,238</td><td></td><td></td></tr>
</table>
<table id='summary'><thead><tr><th>Class</th><th>Method</th><th>Start</th><th>Time (ms)</th></tr></thead><tbody><tr><th colspan="4">JEFS</th></tr></tbody><tbody id="t0"><tr><th colspan="4">C:\Users\balard\OneDrive - Capgemini\Desktop\New folder\SeleniumPractice\Judicary_Regression\src\test\java\Tests &#8212; failed</th></tr><tr class="failedeven"><td rowspan="4">Tests.TestCases_Run</td><td><a href="#m0">JEFS_Create_Case_AB</a></td><td rowspan="1">1759835892887</td><td rowspan="1">83668</td></tr><tr class="failedeven"><td><a href="#m1">JEFS_Create_Case_AL</a></td><td rowspan="1">1759835976579</td><td rowspan="1">176906</td></tr><tr class="failedeven"><td><a href="#m2">JEFS_Create_Case_EM</a></td><td rowspan="1">1759836153497</td><td rowspan="1">58999</td></tr><tr class="failedeven"><td><a href="#m3">JEFS_Create_Case_UJ</a></td><td rowspan="1">1759836212507</td><td rowspan="1">50584</td></tr></tbody>
</table>
<h2>C:\Users\balard\OneDrive - Capgemini\Desktop\New folder\SeleniumPractice\Judicary_Regression\src\test\java\Tests</h2><h3 id="m0">Tests.TestCases_Run#JEFS_Create_Case_AB</h3><table class="result"><tr><th>Exception</th></tr><tr><td><div class="stacktrace">java.lang.AssertionError: JEFS_Create_Case_AB Test failed due to: Cannot locate option with text: AB - Adult Abuse
For documentation on this error, please visit: https://www.selenium.dev/documentation/webdriver/troubleshooting/errors#no-such-element-exception
Build info: version: &apos;4.27.0&apos;, revision: &apos;d6e718d134&apos;
System info: os.name: &apos;Windows 11&apos;, os.arch: &apos;amd64&apos;, os.version: &apos;10.0&apos;, java.version: &apos;19.0.2&apos;
Driver info: driver.version: unknown
	at Tests.TestCases_Run.JEFS_Create_Case_AB(JEFS_FamilyCourt_CaseCreation.java:58)
	at java.base/java.util.ArrayList.forEach(ArrayList.java:1511)
	at com.intellij.rt.testng.IDEARemoteTestNG.run(IDEARemoteTestNG.java:65)
	at com.intellij.rt.testng.RemoteTestNGStarter.main(RemoteTestNGStarter.java:105)
... Removed 23 stack frames</div></td></tr></table><p class="totop"><a href="#summary">back to summary</a></p>
<h3 id="m1">Tests.TestCases_Run#JEFS_Create_Case_AL</h3><table class="result"><tr><th>Exception</th></tr><tr><td><div class="stacktrace">java.lang.AssertionError: JEFS_Create_Case_AL Test failed due to: expected [true] but found [false]
	at Tests.TestCases_Run.JEFS_Create_Case_AL(JEFS_FamilyCourt_CaseCreation.java:79)
	at java.base/java.util.ArrayList.forEach(ArrayList.java:1511)
	at com.intellij.rt.testng.IDEARemoteTestNG.run(IDEARemoteTestNG.java:65)
	at com.intellij.rt.testng.RemoteTestNGStarter.main(RemoteTestNGStarter.java:105)
... Removed 23 stack frames</div></td></tr></table><p class="totop"><a href="#summary">back to summary</a></p>
<h3 id="m2">Tests.TestCases_Run#JEFS_Create_Case_EM</h3><table class="result"><tr><th>Exception</th></tr><tr><td><div class="stacktrace">java.lang.AssertionError: JEFS_Create_Case_EM Test failed due to: Cannot locate option with text: FC - Family Court Criminal
For documentation on this error, please visit: https://www.selenium.dev/documentation/webdriver/troubleshooting/errors#no-such-element-exception
Build info: version: &apos;4.27.0&apos;, revision: &apos;d6e718d134&apos;
System info: os.name: &apos;Windows 11&apos;, os.arch: &apos;amd64&apos;, os.version: &apos;10.0&apos;, java.version: &apos;19.0.2&apos;
Driver info: driver.version: unknown
	at Tests.TestCases_Run.JEFS_Create_Case_EM(JEFS_FamilyCourt_CaseCreation.java:319)
	at java.base/java.util.ArrayList.forEach(ArrayList.java:1511)
	at com.intellij.rt.testng.IDEARemoteTestNG.run(IDEARemoteTestNG.java:65)
	at com.intellij.rt.testng.RemoteTestNGStarter.main(RemoteTestNGStarter.java:105)
... Removed 23 stack frames</div></td></tr></table><p class="totop"><a href="#summary">back to summary</a></p>
<h3 id="m3">Tests.TestCases_Run#JEFS_Create_Case_UJ</h3><table class="result"><tr><th>Exception</th></tr><tr><td><div class="stacktrace">java.lang.AssertionError: JEFS_Create_Case_UJ Test failed due to: Cannot locate option with text: UJ - Unif Child Cust Juris&amp;Enf Act
For documentation on this error, please visit: https://www.selenium.dev/documentation/webdriver/troubleshooting/errors#no-such-element-exception
Build info: version: &apos;4.27.0&apos;, revision: &apos;d6e718d134&apos;
System info: os.name: &apos;Windows 11&apos;, os.arch: &apos;amd64&apos;, os.version: &apos;10.0&apos;, java.version: &apos;19.0.2&apos;
Driver info: driver.version: unknown
	at Tests.TestCases_Run.JEFS_Create_Case_UJ(JEFS_FamilyCourt_CaseCreation.java:299)
	at java.base/java.util.ArrayList.forEach(ArrayList.java:1511)
	at com.intellij.rt.testng.IDEARemoteTestNG.run(IDEARemoteTestNG.java:65)
	at com.intellij.rt.testng.RemoteTestNGStarter.main(RemoteTestNGStarter.java:105)
... Removed 23 stack frames</div></td></tr></table><p class="totop"><a href="#summary">back to summary</a></p>
</body>
</html>
